0 info it worked if it ends with ok
1 verbose cli [ '/usr/bin/nodejs', '/usr/bin/npm', 'run', 'build:extension' ]
2 info using npm@3.10.8
3 info using node@v6.9.1
4 verbose run-script [ 'prebuild:extension',
4 verbose run-script   'build:extension',
4 verbose run-script   'postbuild:extension' ]
5 info lifecycle seedux@0.0.4~prebuild:extension: seedux@0.0.4
6 silly lifecycle seedux@0.0.4~prebuild:extension: no script for prebuild:extension, continuing
7 info lifecycle seedux@0.0.4~build:extension: seedux@0.0.4
8 verbose lifecycle seedux@0.0.4~build:extension: unsafe-perm in lifecycle true
9 verbose lifecycle seedux@0.0.4~build:extension: PATH: /usr/lib/node_modules/npm/bin/node-gyp-bin:/home/ahmad/code/cs/sp/seedux/node_modules/.bin:/home/ahmad/bin:/home/ahmad/.local/bin:/usr/local/sbin:/usr/local/bin:/usr/sbin:/usr/bin:/sbin:/bin:/usr/games:/usr/local/games:/snap/bin:/snap/bin:/home/ahmad/bin
10 verbose lifecycle seedux@0.0.4~build:extension: CWD: /home/ahmad/code/cs/sp/seedux
11 silly lifecycle seedux@0.0.4~build:extension: Args: [ '-c', 'webpack -w --config extension-webpack.config.js' ]
12 silly lifecycle seedux@0.0.4~build:extension: Returned: code: 139  signal: null
13 info lifecycle seedux@0.0.4~build:extension: Failed to exec build:extension script
14 verbose stack Error: seedux@0.0.4 build:extension: `webpack -w --config extension-webpack.config.js`
14 verbose stack Exit status 139
14 verbose stack     at EventEmitter.<anonymous> (/usr/lib/node_modules/npm/lib/utils/lifecycle.js:255:16)
14 verbose stack     at emitTwo (events.js:106:13)
14 verbose stack     at EventEmitter.emit (events.js:191:7)
14 verbose stack     at ChildProcess.<anonymous> (/usr/lib/node_modules/npm/lib/utils/spawn.js:40:14)
14 verbose stack     at emitTwo (events.js:106:13)
14 verbose stack     at ChildProcess.emit (events.js:191:7)
14 verbose stack     at maybeClose (internal/child_process.js:877:16)
14 verbose stack     at Process.ChildProcess._handle.onexit (internal/child_process.js:226:5)
15 verbose pkgid seedux@0.0.4
16 verbose cwd /home/ahmad/code/cs/sp/seedux
17 error Linux 4.4.0-36-generic
18 error argv "/usr/bin/nodejs" "/usr/bin/npm" "run" "build:extension"
19 error node v6.9.1
20 error npm  v3.10.8
21 error code ELIFECYCLE
22 error seedux@0.0.4 build:extension: `webpack -w --config extension-webpack.config.js`
22 error Exit status 139
23 error Failed at the seedux@0.0.4 build:extension script 'webpack -w --config extension-webpack.config.js'.
23 error Make sure you have the latest version of node.js and npm installed.
23 error If you do, this is most likely a problem with the seedux package,
23 error not with npm itself.
23 error Tell the author that this fails on your system:
23 error     webpack -w --config extension-webpack.config.js
23 error You can get information on how to open an issue for this project with:
23 error     npm bugs seedux
23 error Or if that isn't available, you can get their info via:
23 error     npm owner ls seedux
23 error There is likely additional logging output above.
24 verbose exit [ 1, true ]
